<?xml version="1.0" encoding="UTF-8"?>
<!-- Generated by org.testng.reporters.JUnitReportReporter -->
<testsuite hostname="LAPTOP-9FI7BVF2" failures="0" tests="6" name="testcase.LoginTest" time="17.091" errors="0" timestamp="2025-01-15T10:09:03 IST" skipped="0">
  <testcase classname="testcase.LoginTest" name="loginWithInvalidUsernameAndValidPassword" time="3.109"/>
  <testcase classname="testcase.LoginTest" name="verifyUserLoginWithValidCredentials" time="2.818"/>
  <testcase classname="testcase.LoginTest" name="loginWithValidUsernameAndInvalidPassword" time="3.203"/>
  <testcase classname="testcase.LoginTest" name="loginWithInValidUsernameAndInvalidPassword" time="2.659"/>
  <testcase classname="testcase.LoginTest" name="loginWithInvalidUsernameAndValidPassword" time="2.614"/>
  <testcase classname="testcase.LoginTest" name="loginWithInvalidUsernameAndValidPassword" time="2.688"/>
</testsuite> <!-- testcase.LoginTest -->
