<?xml version="1.0" encoding="UTF-8"?>
<!-- Generated by org.testng.reporters.JUnitReportReporter -->
<testsuite hostname="LAPTOP-9FI7BVF2" failures="0" tests="1" name="testcase.ManageFooterTextTest" time="5.640" errors="0" timestamp="2025-01-15T12:58:01 IST" skipped="0">
  <testcase classname="testcase.ManageFooterTextTest" name="editFooterTextWithNewValidCredentials" time="5.640"/>
</testsuite> <!-- testcase.ManageFooterTextTest -->
