<?xml version="1.0" encoding="UTF-8"?>
<!-- Generated by org.testng.reporters.JUnitReportReporter -->
<testsuite hostname="LAPTOP-9FI7BVF2" failures="0" tests="3" name="testcase.ManageNewsTest" time="12.631" errors="0" timestamp="2025-01-14T17:50:43 IST" skipped="0">
  <testcase classname="testcase.ManageNewsTest" name="verifyAddManageNews" time="5.089"/>
  <testcase classname="testcase.ManageNewsTest" name="verifyResetManageNews" time="3.673"/>
  <testcase classname="testcase.ManageNewsTest" name="verifySearchManageNews" time="3.869"/>
</testsuite> <!-- testcase.ManageNewsTest -->
