<?xml version="1.0" encoding="UTF-8"?>
<!-- Generated by org.testng.reporters.JUnitReportReporter -->
<testsuite hostname="LAPTOP-9FI7BVF2" failures="0" tests="1" name="testcase.ManageContactTest" time="6.868" errors="0" timestamp="2025-01-15T13:08:37 IST" skipped="0">
  <testcase classname="testcase.ManageContactTest" name="updateContactTextWithNewValidCredentials" time="6.868"/>
</testsuite> <!-- testcase.ManageContactTest -->
