<?xml version="1.0" encoding="UTF-8"?>
<!-- Generated by org.testng.reporters.JUnitReportReporter -->
<testsuite hostname="LAPTOP-9FI7BVF2" failures="0" tests="3" name="testcase.SubCategoryTest" time="16.928" errors="0" timestamp="2025-01-15T11:26:14 IST" skipped="0">
  <testcase classname="testcase.SubCategoryTest" name="verifyAddSubCategoryWithValidDetails" time="6.670"/>
  <testcase classname="testcase.SubCategoryTest" name="verifySearchSubCategory" time="4.029"/>
  <testcase classname="testcase.SubCategoryTest" name="verifyResetSubCategory" time="6.229"/>
</testsuite> <!-- testcase.SubCategoryTest -->
