<?xml version="1.0" encoding="UTF-8"?>
<!-- Generated by org.testng.reporters.JUnitReportReporter -->
<testsuite hostname="LAPTOP-9FI7BVF2" failures="0" tests="3" name="testcase.SubCategoryTest" time="19.546" errors="0" timestamp="2025-01-15T12:37:20 IST" skipped="0">
  <testcase classname="testcase.SubCategoryTest" name="verifyAddSubCategoryWithValidDetails" time="6.483"/>
  <testcase classname="testcase.SubCategoryTest" name="verifySearchSubCategory" time="8.743"/>
  <testcase classname="testcase.SubCategoryTest" name="verifyResetSubCategory" time="4.320"/>
</testsuite> <!-- testcase.SubCategoryTest -->
