<?xml version="1.0" encoding="UTF-8"?>
<!-- Generated by org.testng.reporters.JUnitReportReporter -->
<testsuite hostname="LAPTOP-9FI7BVF2" failures="0" tests="3" name="testcase.SubCategoryTest" time="14.450" errors="0" timestamp="2025-01-15T12:10:05 IST" skipped="0">
  <testcase classname="testcase.SubCategoryTest" name="verifyAddSubCategoryWithValidDetails" time="7.088"/>
  <testcase classname="testcase.SubCategoryTest" name="verifySearchSubCategory" time="3.791"/>
  <testcase classname="testcase.SubCategoryTest" name="verifyResetSubCategory" time="3.571"/>
</testsuite> <!-- testcase.SubCategoryTest -->
