<?xml version="1.0" encoding="UTF-8"?>
<!-- Generated by org.testng.reporters.JUnitReportReporter -->
<testsuite hostname="LAPTOP-9FI7BVF2" failures="0" tests="3" name="testcase.ManageNewsTest" time="23.371" errors="0" timestamp="2025-01-15T12:38:52 IST" skipped="0">
  <testcase classname="testcase.ManageNewsTest" name="verifySearchManageNews" time="5.805"/>
  <testcase classname="testcase.ManageNewsTest" name="verifyAddManageNewswithValidCredentials" time="11.394"/>
  <testcase classname="testcase.ManageNewsTest" name="verifyResetManageNews" time="6.172"/>
</testsuite> <!-- testcase.ManageNewsTest -->
