<?xml version="1.0" encoding="UTF-8"?>
<!-- Generated by org.testng.reporters.JUnitReportReporter -->
<testsuite hostname="LAPTOP-9FI7BVF2" failures="0" tests="6" name="testcase.LoginTest" time="22.364" errors="0" timestamp="2025-01-15T12:38:52 IST" skipped="0">
  <testcase classname="testcase.LoginTest" name="loginWithInvalidUsernameAndValidPassword" time="2.534"/>
  <testcase classname="testcase.LoginTest" name="loginWithInvalidUsernameAndValidPassword" time="2.892"/>
  <testcase classname="testcase.LoginTest" name="verifyUserLoginWithValidCredentials" time="4.687"/>
  <testcase classname="testcase.LoginTest" name="loginWithValidUsernameAndInvalidPassword" time="3.832"/>
  <testcase classname="testcase.LoginTest" name="loginWithInValidUsernameAndInvalidPassword" time="4.475"/>
  <testcase classname="testcase.LoginTest" name="loginWithInvalidUsernameAndValidPassword" time="3.944"/>
</testsuite> <!-- testcase.LoginTest -->
