<?xml version="1.0" encoding="UTF-8"?>
<!-- Generated by org.testng.reporters.JUnitReportReporter -->
<testsuite hostname="LAPTOP-9FI7BVF2" failures="0" tests="3" name="testcase.CategoryTest" time="16.638" errors="0" timestamp="2025-01-15T17:59:47 IST" skipped="0">
  <testcase classname="testcase.CategoryTest" name="verifyUserIsAbleToAddNewCatgoryWithValidDetails" time="9.280"/>
  <testcase classname="testcase.CategoryTest" name="verifyUserIsAbleToSearchCategory" time="3.632"/>
  <testcase classname="testcase.CategoryTest" name="verifyUserIsAbleToResetCategory" time="3.726"/>
</testsuite> <!-- testcase.CategoryTest -->
